# JRE version: Java(TM) SE Runtime Environment (8.0_121-b13) (build 1.8.0_121-b13)
# Java VM: Java HotSpot(TM) 64-Bit Server VM (25.121-b13 mixed mode windows-amd64 compressed oops)
Heap:
 PSYoungGen      total 1318912K, used 688244K [0x000000076af80000, 0x00000007c0000000, 0x00000007c0000000)
  eden space 1303552K, 51% used [0x000000076af80000,0x00000007940a52e0,0x00000007ba880000)
  from space 15360K, 99% used [0x00000007bcd80000,0x00000007bdc78010,0x00000007bdc80000)
  to   space 37888K, 0% used [0x00000007ba880000,0x00000007ba880000,0x00000007bcd80000)
 ParOldGen       total 175104K, used 71142K [0x00000006c0e00000, 0x00000006cb900000, 0x000000076af80000)
  object space 175104K, 40% used [0x00000006c0e00000,0x00000006c5379ab8,0x00000006cb900000)
 Metaspace       used 18069K, capacity 19092K, committed 19328K, reserved 1064960K
  class space    used 2622K, capacity 2850K, committed 2944K, reserved 1048576K
GC Heap History (10 events):
Event: 23.477 GC heap before
{Heap before GC invocations=10 (full 0):
 PSYoungGen      total 539136K, used 525124K [0x000000076af80000, 0x00000007a0180000, 0x00000007c0000000)
  eden space 523264K, 100% used [0x000000076af80000,0x000000078ae80000,0x000000078ae80000)
  from space 15872K, 11% used [0x000000078ae80000,0x000000078b051278,0x000000078be00000)
  to   space 16384K, 0% used [0x000000079f180000,0x000000079f180000,0x00000007a0180000)
 ParOldGen       total 175104K, used 16344K [0x00000006c0e00000, 0x00000006cb900000, 0x000000076af80000)
  object space 175104K, 9% used [0x00000006c0e00000,0x00000006c1df61a8,0x00000006cb900000)
 Metaspace       used 17897K, capacity 18964K, committed 19072K, reserved 1064960K
  class space    used 2618K, capacity 2850K, committed 2944K, reserved 1048576K
Event: 23.479 GC heap after
Heap after GC invocations=10 (full 0):
 PSYoungGen      total 853504K, used 1440K [0x000000076af80000, 0x00000007a0280000, 0x00000007c0000000)
  eden space 837120K, 0% used [0x000000076af80000,0x000000076af80000,0x000000079e100000)
  from space 16384K, 8% used [0x000000079f180000,0x000000079f2e8000,0x00000007a0180000)
  to   space 16896K, 0% used [0x000000079e100000,0x000000079e100000,0x000000079f180000)
 ParOldGen       total 175104K, used 17413K [0x00000006c0e00000, 0x00000006cb900000, 0x000000076af80000)
  object space 175104K, 9% used [0x00000006c0e00000,0x00000006c1f01420,0x00000006cb900000)
 Metaspace       used 17897K, capacity 18964K, committed 19072K, reserved 1064960K
  class space    used 2618K, capacity 2850K, committed 2944K, reserved 1048576K
}
Event: 24.473 GC heap before
{Heap before GC invocations=11 (full 0):
 PSYoungGen      total 853504K, used 838560K [0x000000076af80000, 0x00000007a0280000, 0x00000007c0000000)
  eden space 837120K, 100% used [0x000000076af80000,0x000000079e100000,0x000000079e100000)
  from space 16384K, 8% used [0x000000079f180000,0x000000079f2e8000,0x00000007a0180000)
  to   space 16896K, 0% used [0x000000079e100000,0x000000079e100000,0x000000079f180000)
 ParOldGen       total 175104K, used 17413K [0x00000006c0e00000, 0x00000006cb900000, 0x000000076af80000)
  object space 175104K, 9% used [0x00000006c0e00000,0x00000006c1f01420,0x00000006cb900000)
 Metaspace       used 17897K, capacity 18964K, committed 19072K, reserved 1064960K
  class space    used 2618K, capacity 2850K, committed 2944K, reserved 1048576K
Event: 24.476 GC heap after
Heap after GC invocations=11 (full 0):
 PSYoungGen      total 854016K, used 1494K [0x000000076af80000, 0x00000007bec80000, 0x00000007c0000000)
  eden space 837120K, 0% used [0x000000076af80000,0x000000076af80000,0x000000079e100000)
  from space 16896K, 8% used [0x000000079e100000,0x000000079e275bc8,0x000000079f180000)
  to   space 16896K, 0% used [0x00000007bdc00000,0x00000007bdc00000,0x00000007bec80000)
 ParOldGen       total 175104K, used 18701K [0x00000006c0e00000, 0x00000006cb900000, 0x000000076af80000)
  object space 175104K, 10% used [0x00000006c0e00000,0x00000006c2043420,0x00000006cb900000)
 Metaspace       used 17897K, capacity 18964K, committed 19072K, reserved 1064960K
  class space    used 2618K, capacity 2850K, committed 2944K, reserved 1048576K
}
Event: 25.443 GC heap before
{Heap before GC invocations=12 (full 0):
 PSYoungGen      total 854016K, used 838614K [0x000000076af80000, 0x00000007bec80000, 0x00000007c0000000)
  eden space 837120K, 100% used [0x000000076af80000,0x000000079e100000,0x000000079e100000)
  from space 16896K, 8% used [0x000000079e100000,0x000000079e275bc8,0x000000079f180000)
  to   space 16896K, 0% used [0x00000007bdc00000,0x00000007bdc00000,0x00000007bec80000)
 ParOldGen       total 175104K, used 18701K [0x00000006c0e00000, 0x00000006cb900000, 0x000000076af80000)
  object space 175104K, 10% used [0x00000006c0e00000,0x00000006c2043420,0x00000006cb900000)
 Metaspace       used 17897K, capacity 18964K, committed 19072K, reserved 1064960K
  class space    used 2618K, capacity 2850K, committed 2944K, reserved 1048576K
Event: 25.445 GC heap after
Heap after GC invocations=12 (full 0):
 PSYoungGen      total 1356288K, used 1216K [0x000000076af80000, 0x00000007bec80000, 0x00000007c0000000)
  eden space 1339392K, 0% used [0x000000076af80000,0x000000076af80000,0x00000007bcb80000)
  from space 16896K, 7% used [0x00000007bdc00000,0x00000007bdd30020,0x00000007bec80000)
  to   space 16896K, 0% used [0x00000007bcb80000,0x00000007bcb80000,0x00000007bdc00000)
 ParOldGen       total 175104K, used 19635K [0x00000006c0e00000, 0x00000006cb900000, 0x000000076af80000)
  object space 175104K, 11% used [0x00000006c0e00000,0x00000006c212cfc8,0x00000006cb900000)
 Metaspace       used 17897K, capacity 18964K, committed 19072K, reserved 1064960K
  class space    used 2618K, capacity 2850K, committed 2944K, reserved 1048576K
}
Event: 27.184 GC heap before
{Heap before GC invocations=13 (full 0):
 PSYoungGen      total 1356288K, used 1340608K [0x000000076af80000, 0x00000007bec80000, 0x00000007c0000000)
  eden space 1339392K, 100% used [0x000000076af80000,0x00000007bcb80000,0x00000007bcb80000)
  from space 16896K, 7% used [0x00000007bdc00000,0x00000007bdd30020,0x00000007bec80000)
  to   space 16896K, 0% used [0x00000007bcb80000,0x00000007bcb80000,0x00000007bdc00000)
 ParOldGen       total 175104K, used 19635K [0x00000006c0e00000, 0x00000006cb900000, 0x000000076af80000)
  object space 175104K, 11% used [0x00000006c0e00000,0x00000006c212cfc8,0x00000006cb900000)
 Metaspace       used 17897K, capacity 18964K, committed 19072K, reserved 1064960K
  class space    used 2618K, capacity 2850K, committed 2944K, reserved 1048576K
Event: 27.185 GC heap after
Heap after GC invocations=13 (full 0):
 PSYoungGen      total 1277952K, used 1554K [0x000000076af80000, 0x00000007bdc80000, 0x00000007c0000000)
  eden space 1275904K, 0% used [0x000000076af80000,0x000000076af80000,0x00000007b8d80000)
  from space 2048K, 75% used [0x00000007bcb80000,0x00000007bcd04990,0x00000007bcd80000)
  to   space 15360K, 0% used [0x00000007bcd80000,0x00000007bcd80000,0x00000007bdc80000)
 ParOldGen       total 175104K, used 20379K [0x00000006c0e00000, 0x00000006cb900000, 0x000000076af80000)
  object space 175104K, 11% used [0x00000006c0e00000,0x00000006c21e6fc8,0x00000006cb900000)
 Metaspace       used 17897K, capacity 18964K, committed 19072K, reserved 1064960K
  class space    used 2618K, capacity 2850K, committed 2944K, reserved 1048576K
}
Event: 29.170 GC heap before
{Heap before GC invocations=14 (full 0):
 PSYoungGen      total 1277952K, used 1277458K [0x000000076af80000, 0x00000007bdc80000, 0x00000007c0000000)
  eden space 1275904K, 100% used [0x000000076af80000,0x00000007b8d80000,0x00000007b8d80000)
  from space 2048K, 75% used [0x00000007bcb80000,0x00000007bcd04990,0x00000007bcd80000)
  to   space 15360K, 0% used [0x00000007bcd80000,0x00000007bcd80000,0x00000007bdc80000)
 ParOldGen       total 175104K, used 20379K [0x00000006c0e00000, 0x00000006cb900000, 0x000000076af80000)
  object space 175104K, 11% used [0x00000006c0e00000,0x00000006c21e6fc8,0x00000006cb900000)
 Metaspace       used 17936K, capacity 18964K, committed 19072K, reserved 1064960K
  class space    used 2620K, capacity 2850K, committed 2944K, reserved 1048576K
Event: 29.207 GC heap after
Heap after GC invocations=14 (full 0):
 PSYoungGen      total 1318912K, used 15328K [0x000000076af80000, 0x00000007c0000000, 0x00000007c0000000)
  eden space 1303552K, 0% used [0x000000076af80000,0x000000076af80000,0x00000007ba880000)
  from space 15360K, 99% used [0x00000007bcd80000,0x00000007bdc78010,0x00000007bdc80000)
  to   space 37888K, 0% used [0x00000007ba880000,0x00000007ba880000,0x00000007bcd80000)
 ParOldGen       total 175104K, used 71142K [0x00000006c0e00000, 0x00000006cb900000, 0x000000076af80000)
  object space 175104K, 40% used [0x00000006c0e00000,0x00000006c5379ab8,0x00000006cb900000)
 Metaspace       used 17936K, capacity 18964K, committed 19072K, reserved 1064960K
  class space    used 2620K, capacity 2850K, committed 2944K, reserved 1048576K
}

