# JRE version: Java(TM) SE Runtime Environment (8.0_151-b12) (build 1.8.0_151-b12)
# Java VM: Java HotSpot(TM) 64-Bit Server VM (25.151-b12 mixed mode windows-amd64 compressed oops)
Heap:
 PSYoungGen      total 644096K, used 594693K [0x000000076af80000, 0x000000079d980000, 0x00000007c0000000)
  eden space 633344K, 92% used [0x000000076af80000,0x000000078e9c9478,0x0000000791a00000)
  from space 10752K, 99% used [0x000000079cf00000,0x000000079d978010,0x000000079d980000)
  to   space 35840K, 0% used [0x0000000799380000,0x0000000799380000,0x000000079b680000)
 ParOldGen       total 175104K, used 78953K [0x00000006c0e00000, 0x00000006cb900000, 0x000000076af80000)
  object space 175104K, 45% used [0x00000006c0e00000,0x00000006c5b1a6b8,0x00000006cb900000)
 Metaspace       used 17933K, capacity 18938K, committed 19072K, reserved 1064960K
  class space    used 2609K, capacity 2843K, committed 2944K, reserved 1048576K
GC Heap History (10 events):
Event: 12.079 GC heap before
{Heap before GC invocations=12 (full 0):
 PSYoungGen      total 801280K, used 800854K [0x000000076af80000, 0x000000079ed80000, 0x00000007c0000000)
  eden space 799744K, 100% used [0x000000076af80000,0x000000079bc80000,0x000000079bc80000)
  from space 1536K, 72% used [0x000000079e200000,0x000000079e315bb8,0x000000079e380000)
  to   space 10240K, 0% used [0x000000079e380000,0x000000079e380000,0x000000079ed80000)
 ParOldGen       total 175104K, used 13267K [0x00000006c0e00000, 0x00000006cb900000, 0x000000076af80000)
  object space 175104K, 7% used [0x00000006c0e00000,0x00000006c1af4d10,0x00000006cb900000)
 Metaspace       used 16454K, capacity 17412K, committed 17664K, reserved 1064960K
  class space    used 2476K, capacity 2730K, committed 2816K, reserved 1048576K
Event: 12.081 GC heap after
Heap after GC invocations=12 (full 0):
 PSYoungGen      total 764416K, used 1216K [0x000000076af80000, 0x000000079e500000, 0x00000007c0000000)
  eden space 762880K, 0% used [0x000000076af80000,0x000000076af80000,0x0000000799880000)
  from space 1536K, 79% used [0x000000079e380000,0x000000079e4b0020,0x000000079e500000)
  to   space 11264K, 0% used [0x000000079cf00000,0x000000079cf00000,0x000000079da00000)
 ParOldGen       total 175104K, used 14122K [0x00000006c0e00000, 0x00000006cb900000, 0x000000076af80000)
  object space 175104K, 8% used [0x00000006c0e00000,0x00000006c1bca8b8,0x00000006cb900000)
 Metaspace       used 16454K, capacity 17412K, committed 17664K, reserved 1064960K
  class space    used 2476K, capacity 2730K, committed 2816K, reserved 1048576K
}
Event: 12.990 GC heap before
{Heap before GC invocations=13 (full 0):
 PSYoungGen      total 764416K, used 764096K [0x000000076af80000, 0x000000079e500000, 0x00000007c0000000)
  eden space 762880K, 100% used [0x000000076af80000,0x0000000799880000,0x0000000799880000)
  from space 1536K, 79% used [0x000000079e380000,0x000000079e4b0020,0x000000079e500000)
  to   space 11264K, 0% used [0x000000079cf00000,0x000000079cf00000,0x000000079da00000)
 ParOldGen       total 175104K, used 14122K [0x00000006c0e00000, 0x00000006cb900000, 0x000000076af80000)
  object space 175104K, 8% used [0x00000006c0e00000,0x00000006c1bca8b8,0x00000006cb900000)
 Metaspace       used 16454K, capacity 17412K, committed 17664K, reserved 1064960K
  class space    used 2476K, capacity 2730K, committed 2816K, reserved 1048576K
Event: 12.991 GC heap after
Heap after GC invocations=13 (full 0):
 PSYoungGen      total 729088K, used 864K [0x000000076af80000, 0x000000079e400000, 0x00000007c0000000)
  eden space 728064K, 0% used [0x000000076af80000,0x000000076af80000,0x0000000797680000)
  from space 1024K, 84% used [0x000000079cf00000,0x000000079cfd8010,0x000000079d000000)
  to   space 11264K, 0% used [0x000000079d900000,0x000000079d900000,0x000000079e400000)
 ParOldGen       total 175104K, used 14762K [0x00000006c0e00000, 0x00000006cb900000, 0x000000076af80000)
  object space 175104K, 8% used [0x00000006c0e00000,0x00000006c1c6a8b8,0x00000006cb900000)
 Metaspace       used 16454K, capacity 17412K, committed 17664K, reserved 1064960K
  class space    used 2476K, capacity 2730K, committed 2816K, reserved 1048576K
}
Event: 13.854 GC heap before
{Heap before GC invocations=14 (full 0):
 PSYoungGen      total 729088K, used 728928K [0x000000076af80000, 0x000000079e400000, 0x00000007c0000000)
  eden space 728064K, 100% used [0x000000076af80000,0x0000000797680000,0x0000000797680000)
  from space 1024K, 84% used [0x000000079cf00000,0x000000079cfd8010,0x000000079d000000)
  to   space 11264K, 0% used [0x000000079d900000,0x000000079d900000,0x000000079e400000)
 ParOldGen       total 175104K, used 14762K [0x00000006c0e00000, 0x00000006cb900000, 0x000000076af80000)
  object space 175104K, 8% used [0x00000006c0e00000,0x00000006c1c6a8b8,0x00000006cb900000)
 Metaspace       used 16454K, capacity 17412K, committed 17664K, reserved 1064960K
  class space    used 2476K, capacity 2730K, committed 2816K, reserved 1048576K
Event: 13.856 GC heap after
Heap after GC invocations=14 (full 0):
 PSYoungGen      total 696320K, used 1074K [0x000000076af80000, 0x000000079da80000, 0x00000007c0000000)
  eden space 694784K, 0% used [0x000000076af80000,0x000000076af80000,0x0000000795600000)
  from space 1536K, 69% used [0x000000079d900000,0x000000079da0c980,0x000000079da80000)
  to   space 10752K, 0% used [0x000000079c580000,0x000000079c580000,0x000000079d000000)
 ParOldGen       total 175104K, used 15258K [0x00000006c0e00000, 0x00000006cb900000, 0x000000076af80000)
  object space 175104K, 8% used [0x00000006c0e00000,0x00000006c1ce68b8,0x00000006cb900000)
 Metaspace       used 16454K, capacity 17412K, committed 17664K, reserved 1064960K
  class space    used 2476K, capacity 2730K, committed 2816K, reserved 1048576K
}
Event: 14.674 GC heap before
{Heap before GC invocations=15 (full 0):
 PSYoungGen      total 696320K, used 695858K [0x000000076af80000, 0x000000079da80000, 0x00000007c0000000)
  eden space 694784K, 100% used [0x000000076af80000,0x0000000795600000,0x0000000795600000)
  from space 1536K, 69% used [0x000000079d900000,0x000000079da0c980,0x000000079da80000)
  to   space 10752K, 0% used [0x000000079c580000,0x000000079c580000,0x000000079d000000)
 ParOldGen       total 175104K, used 15258K [0x00000006c0e00000, 0x00000006cb900000, 0x000000076af80000)
  object space 175104K, 8% used [0x00000006c0e00000,0x00000006c1ce68b8,0x00000006cb900000)
 Metaspace       used 16454K, capacity 17412K, committed 17664K, reserved 1064960K
  class space    used 2476K, capacity 2730K, committed 2816K, reserved 1048576K
Event: 14.675 GC heap after
Heap after GC invocations=15 (full 0):
 PSYoungGen      total 664064K, used 736K [0x000000076af80000, 0x000000079d980000, 0x00000007c0000000)
  eden space 663040K, 0% used [0x000000076af80000,0x000000076af80000,0x0000000793700000)
  from space 1024K, 71% used [0x000000079c580000,0x000000079c638010,0x000000079c680000)
  to   space 10752K, 0% used [0x000000079cf00000,0x000000079cf00000,0x000000079d980000)
 ParOldGen       total 175104K, used 15796K [0x00000006c0e00000, 0x00000006cb900000, 0x000000076af80000)
  object space 175104K, 9% used [0x00000006c0e00000,0x00000006c1d6d228,0x00000006cb900000)
 Metaspace       used 16454K, capacity 17412K, committed 17664K, reserved 1064960K
  class space    used 2476K, capacity 2730K, committed 2816K, reserved 1048576K
}
Event: 15.871 GC heap before
{Heap before GC invocations=16 (full 0):
 PSYoungGen      total 664064K, used 663776K [0x000000076af80000, 0x000000079d980000, 0x00000007c0000000)
  eden space 663040K, 100% used [0x000000076af80000,0x0000000793700000,0x0000000793700000)
  from space 1024K, 71% used [0x000000079c580000,0x000000079c638010,0x000000079c680000)
  to   space 10752K, 0% used [0x000000079cf00000,0x000000079cf00000,0x000000079d980000)
 ParOldGen       total 175104K, used 15796K [0x00000006c0e00000, 0x00000006cb900000, 0x000000076af80000)
  object space 175104K, 9% used [0x00000006c0e00000,0x00000006c1d6d228,0x00000006cb900000)
 Metaspace       used 17048K, capacity 18090K, committed 18176K, reserved 1064960K
  class space    used 2535K, capacity 2763K, committed 2816K, reserved 1048576K
Event: 15.907 GC heap after
Heap after GC invocations=16 (full 0):
 PSYoungGen      total 644096K, used 10720K [0x000000076af80000, 0x000000079d980000, 0x00000007c0000000)
  eden space 633344K, 0% used [0x000000076af80000,0x000000076af80000,0x0000000791a00000)
  from space 10752K, 99% used [0x000000079cf00000,0x000000079d978010,0x000000079d980000)
  to   space 35840K, 0% used [0x0000000799380000,0x0000000799380000,0x000000079b680000)
 ParOldGen       total 175104K, used 78953K [0x00000006c0e00000, 0x00000006cb900000, 0x000000076af80000)
  object space 175104K, 45% used [0x00000006c0e00000,0x00000006c5b1a6b8,0x00000006cb900000)
 Metaspace       used 17048K, capacity 18090K, committed 18176K, reserved 1064960K
  class space    used 2535K, capacity 2763K, committed 2816K, reserved 1048576K
}

